0 info it worked if it ends with ok
1 verbose cli [ 'C:\\Program Files\\nodejs\\node.exe',
1 verbose cli   'C:\\Program Files\\nodejs\\node_modules\\npm\\bin\\npm-cli.js',
1 verbose cli   'run',
1 verbose cli   'scss-watch' ]
2 info using npm@3.10.10
3 info using node@v6.10.3
4 verbose run-script [ 'prescss-watch', 'scss-watch', 'postscss-watch' ]
5 info lifecycle se@1.0.0~prescss-watch: se@1.0.0
6 silly lifecycle se@1.0.0~prescss-watch: no script for prescss-watch, continuing
7 info lifecycle se@1.0.0~scss-watch: se@1.0.0
8 verbose lifecycle se@1.0.0~scss-watch: unsafe-perm in lifecycle true
9 verbose lifecycle se@1.0.0~scss-watch: PATH: C:\Program Files\nodejs\node_modules\npm\bin\node-gyp-bin;D:\git\se\node_modules\.bin;C:\Program Files (x86)\Razer Chroma SDK\bin;C:\Program Files\Razer Chroma SDK\bin;C:\ProgramData\Oracle\Java\javapath;C:\WINDOWS\system32;C:\WINDOWS;C:\WINDOWS\System32\Wbem;C:\WINDOWS\System32\WindowsPowerShell\v1.0\;C:\Program Files\PuTTY\;C:\Program Files\Git\cmd;C:\xampp\php;C:\ProgramData\ComposerSetup\bin;C:\Program Files\nodejs\;C:\Users\mfatihas\AppData\Local\Programs\Python\Python36-32;C:\Users\mfatihas\AppData\Local\Programs\Python\Python36-32\Lib\site-packages;C:\Users\mfatihas\AppData\Local\Programs\Python\Python36-32\Scripts;C:\Users\mfatihas\AppData\Local\Microsoft\WindowsApps;C:\Users\mfatihas\AppData\Roaming\Composer\vendor\bin;C:\Users\mfatihas\AppData\Roaming\npm;C:\Program Files (x86)\OpenVPN\bin;C:\Program Files (x86)\Windows Kits\8.1\Windows Performance Toolkit\;C:\Users\mfatihas\AppData\Local\Microsoft\WindowsApps;C:\Users\mfatihas\AppData\Roaming\Composer\vendor\bin;C:\Users\mfatihas\AppData\Roaming\npm;C:\Users\mfatihas\AppData\Local\Google\Cloud SDK\google-cloud-sdk\bin;C:\Program Files\Microsoft VS Code\bin
10 verbose lifecycle se@1.0.0~scss-watch: CWD: D:\git\se
11 silly lifecycle se@1.0.0~scss-watch: Args: [ '/d /s /c', 'node-sass --watch static/scss -o static/css' ]
12 verbose stack Error: kill ENOSYS
12 verbose stack     at exports._errnoException (util.js:1018:11)
12 verbose stack     at process.kill (internal/process.js:190:13)
12 verbose stack     at process.listener (C:\Program Files\nodejs\node_modules\npm\node_modules\npmlog\node_modules\gauge\node_modules\signal-exit\index.js:86:15)
12 verbose stack     at emitNone (events.js:91:20)
12 verbose stack     at process.emit (events.js:185:7)
12 verbose stack     at processEmit (C:\Program Files\nodejs\node_modules\npm\node_modules\npmlog\node_modules\gauge\node_modules\signal-exit\index.js:146:32)
12 verbose stack     at processEmit (C:\Program Files\nodejs\node_modules\npm\node_modules\npm-registry-client\node_modules\npmlog\node_modules\gauge\node_modules\signal-exit\index.js:146:32)
12 verbose stack     at Signal.wrap.onsignal (internal/process.js:217:44)
13 verbose cwd D:\git\se
14 error Windows_NT 10.0.15063
15 error argv "C:\\Program Files\\nodejs\\node.exe" "C:\\Program Files\\nodejs\\node_modules\\npm\\bin\\npm-cli.js" "run" "scss-watch"
16 error node v6.10.3
17 error npm  v3.10.10
18 error code ENOSYS
19 error errno ENOSYS
20 error syscall kill
21 error kill ENOSYS
22 error If you need help, you may report this error at:
22 error     <https://github.com/npm/npm/issues>
23 verbose exit [ 1, true ]
